# JRE version: OpenJDK Runtime Environment Temurin-17.0.11+9 (17.0.11+9) (build 17.0.11+9)
# Java VM: OpenJDK 64-Bit Server VM Temurin-17.0.11+9 (17.0.11+9, mixed mode, tiered, compressed oops, compressed class ptrs, g1 gc, windows-amd64)
GC Precious Log:
 CPUs: 4 total, 4 available
 Memory: 8072M
 Large Page Support: Disabled
 NUMA Support: Disabled
 Compressed Oops: Enabled (32-bit)
 Heap Region Size: 1M
 Heap Min Capacity: 8M
 Heap Initial Capacity: 128M
 Heap Max Capacity: 2020M
 Pre-touch: Disabled
 Parallel Workers: 4
 Concurrent Workers: 1
 Concurrent Refinement Workers: 4
 Periodic GC: Disabled
Heap:
 garbage-first heap   total 81920K, used 39720K [0x0000000081c00000, 0x0000000100000000)
  region size 1024K, 5 young (5120K), 5 survivors (5120K)
 Metaspace       used 34787K, committed 35072K, reserved 1114112K
  class space    used 3788K, committed 3904K, reserved 1048576K
GC Heap History (20 events):
Event: 2.654 GC heap after
{Heap after GC invocations=3 (full 0):
 garbage-first heap   total 131072K, used 5365K [0x0000000081c00000, 0x0000000100000000)
  region size 1024K, 2 young (2048K), 2 survivors (2048K)
 Metaspace       used 17843K, committed 17920K, reserved 1114112K
  class space    used 1882K, committed 1920K, reserved 1048576K
}
Event: 3.450 GC heap before
{Heap before GC invocations=3 (full 0):
 garbage-first heap   total 131072K, used 21749K [0x0000000081c00000, 0x0000000100000000)
  region size 1024K, 19 young (19456K), 2 survivors (2048K)
 Metaspace       used 21313K, committed 21504K, reserved 1114112K
  class space    used 2331K, committed 2432K, reserved 1048576K
}
Event: 3.457 GC heap after
{Heap after GC invocations=4 (full 0):
 garbage-first heap   total 131072K, used 6742K [0x0000000081c00000, 0x0000000100000000)
  region size 1024K, 4 young (4096K), 4 survivors (4096K)
 Metaspace       used 21313K, committed 21504K, reserved 1114112K
  class space    used 2331K, committed 2432K, reserved 1048576K
}
Event: 4.058 GC heap before
{Heap before GC invocations=5 (full 0):
 garbage-first heap   total 30720K, used 21078K [0x0000000081c00000, 0x0000000100000000)
  region size 1024K, 18 young (18432K), 4 survivors (4096K)
 Metaspace       used 23327K, committed 23488K, reserved 1114112K
  class space    used 2537K, committed 2624K, reserved 1048576K
}
Event: 4.072 GC heap after
{Heap after GC invocations=6 (full 0):
 garbage-first heap   total 30720K, used 8603K [0x0000000081c00000, 0x0000000100000000)
  region size 1024K, 3 young (3072K), 3 survivors (3072K)
 Metaspace       used 23327K, committed 23488K, reserved 1114112K
  class space    used 2537K, committed 2624K, reserved 1048576K
}
Event: 4.098 GC heap before
{Heap before GC invocations=6 (full 0):
 garbage-first heap   total 30720K, used 8603K [0x0000000081c00000, 0x0000000100000000)
  region size 1024K, 4 young (4096K), 3 survivors (3072K)
 Metaspace       used 23366K, committed 23552K, reserved 1114112K
  class space    used 2537K, committed 2624K, reserved 1048576K
}
Event: 4.109 GC heap after
{Heap after GC invocations=7 (full 0):
 garbage-first heap   total 30720K, used 9245K [0x0000000081c00000, 0x0000000100000000)
  region size 1024K, 1 young (1024K), 1 survivors (1024K)
 Metaspace       used 23366K, committed 23552K, reserved 1114112K
  class space    used 2537K, committed 2624K, reserved 1048576K
}
Event: 4.345 GC heap before
{Heap before GC invocations=7 (full 0):
 garbage-first heap   total 30720K, used 20509K [0x0000000081c00000, 0x0000000100000000)
  region size 1024K, 12 young (12288K), 1 survivors (1024K)
 Metaspace       used 23478K, committed 23680K, reserved 1114112K
  class space    used 2538K, committed 2624K, reserved 1048576K
}
Event: 4.352 GC heap after
{Heap after GC invocations=8 (full 0):
 garbage-first heap   total 30720K, used 10970K [0x0000000081c00000, 0x0000000100000000)
  region size 1024K, 2 young (2048K), 2 survivors (2048K)
 Metaspace       used 23478K, committed 23680K, reserved 1114112K
  class space    used 2538K, committed 2624K, reserved 1048576K
}
Event: 4.718 GC heap before
{Heap before GC invocations=8 (full 0):
 garbage-first heap   total 30720K, used 21210K [0x0000000081c00000, 0x0000000100000000)
  region size 1024K, 12 young (12288K), 2 survivors (2048K)
 Metaspace       used 24088K, committed 24256K, reserved 1114112K
  class space    used 2612K, committed 2688K, reserved 1048576K
}
Event: 4.729 GC heap after
{Heap after GC invocations=9 (full 0):
 garbage-first heap   total 80896K, used 12598K [0x0000000081c00000, 0x0000000100000000)
  region size 1024K, 2 young (2048K), 2 survivors (2048K)
 Metaspace       used 24088K, committed 24256K, reserved 1114112K
  class space    used 2612K, committed 2688K, reserved 1048576K
}
Event: 6.244 GC heap before
{Heap before GC invocations=9 (full 0):
 garbage-first heap   total 80896K, used 58678K [0x0000000081c00000, 0x0000000100000000)
  region size 1024K, 47 young (48128K), 2 survivors (2048K)
 Metaspace       used 24764K, committed 24896K, reserved 1114112K
  class space    used 2635K, committed 2688K, reserved 1048576K
}
Event: 6.255 GC heap after
{Heap after GC invocations=10 (full 0):
 garbage-first heap   total 80896K, used 14784K [0x0000000081c00000, 0x0000000100000000)
  region size 1024K, 4 young (4096K), 4 survivors (4096K)
 Metaspace       used 24764K, committed 24896K, reserved 1114112K
  class space    used 2635K, committed 2688K, reserved 1048576K
}
Event: 6.612 GC heap before
{Heap before GC invocations=10 (full 0):
 garbage-first heap   total 80896K, used 44480K [0x0000000081c00000, 0x0000000100000000)
  region size 1024K, 14 young (14336K), 4 survivors (4096K)
 Metaspace       used 25589K, committed 25856K, reserved 1114112K
  class space    used 2733K, committed 2880K, reserved 1048576K
}
Event: 6.622 GC heap after
{Heap after GC invocations=11 (full 0):
 garbage-first heap   total 80896K, used 35799K [0x0000000081c00000, 0x0000000100000000)
  region size 1024K, 4 young (4096K), 4 survivors (4096K)
 Metaspace       used 25589K, committed 25856K, reserved 1114112K
  class space    used 2733K, committed 2880K, reserved 1048576K
}
Event: 7.197 GC heap before
{Heap before GC invocations=11 (full 0):
 garbage-first heap   total 80896K, used 66519K [0x0000000081c00000, 0x0000000100000000)
  region size 1024K, 23 young (23552K), 4 survivors (4096K)
 Metaspace       used 28026K, committed 28288K, reserved 1114112K
  class space    used 3007K, committed 3136K, reserved 1048576K
}
Event: 7.205 GC heap after
{Heap after GC invocations=12 (full 0):
 garbage-first heap   total 80896K, used 16575K [0x0000000081c00000, 0x0000000100000000)
  region size 1024K, 2 young (2048K), 2 survivors (2048K)
 Metaspace       used 28026K, committed 28288K, reserved 1114112K
  class space    used 3007K, committed 3136K, reserved 1048576K
}
Event: 8.334 GC heap before
{Heap before GC invocations=12 (full 0):
 garbage-first heap   total 80896K, used 68799K [0x0000000081c00000, 0x0000000100000000)
  region size 1024K, 47 young (48128K), 2 survivors (2048K)
 Metaspace       used 34187K, committed 34496K, reserved 1114112K
  class space    used 3719K, committed 3840K, reserved 1048576K
}
Event: 8.358 GC heap after
{Heap after GC invocations=13 (full 0):
 garbage-first heap   total 81920K, used 31954K [0x0000000081c00000, 0x0000000100000000)
  region size 1024K, 6 young (6144K), 6 survivors (6144K)
 Metaspace       used 34187K, committed 34496K, reserved 1114112K
  class space    used 3719K, committed 3840K, reserved 1048576K
}
Event: 9.577 GC heap before
{Heap before GC invocations=13 (full 0):
 garbage-first heap   total 81920K, used 61650K [0x0000000081c00000, 0x0000000100000000)
  region size 1024K, 35 young (35840K), 6 survivors (6144K)
 Metaspace       used 34787K, committed 35072K, reserved 1114112K
  class space    used 3788K, committed 3904K, reserved 1048576K
}

